#
# A fatal error has been detected by the Java Runtime Environment:
#
#  EXCEPTION_ACCESS_VIOLATION (0xc0000005) at pc=0x7338448d, pid=4636, tid=7912
#
# JRE version: Java(TM) SE Runtime Environment (8.0_74-b02) (build 1.8.0_74-b02)
# Java VM: Java HotSpot(TM) Client VM (25.74-b02 mixed mode, sharing windows-x86 )
# Problematic frame:
# C  [OpenIMAJGrabber.dll+0x448d]
#
# Failed to write core dump. Minidumps are not enabled by default on client versions of Windows
#
# If you would like to submit a bug report, please visit:
#   http://bugreport.java.com/bugreport/crash.jsp
# The crash happened outside the Java Virtual Machine in native code.
# See problematic frame for where to report the bug.
#

---------------  T H R E A D  ---------------

Current thread (0x01686400):  JavaThread "Finalizer" daemon [_thread_in_native, id=7912, stack(0x13d20000,0x13d70000)]

siginfo: ExceptionCode=0xc0000005, reading address 0x00000000

Registers:
EAX=0x00000000, EBX=0x1461abb0, ECX=0x00000000, EDX=0x00000000
ESP=0x13d6f1fc, EBP=0x13d6f200, ESI=0x16ac5a60, EDI=0x13d6f214
EIP=0x7338448d, EFLAGS=0x00010246

Top of Stack: (sp=0x13d6f1fc)
0x13d6f1fc:   00000000 13d6f21c 7338179d 00000000
0x13d6f20c:   16ac6fcc 72cdb850 01686400 1461abb0
0x13d6f21c:   13d6f234 72ce7441 73381770 16ac6fc8
0x13d6f22c:   00000004 16ac6fb0 13d6f244 72ce7ae5
0x13d6f23c:   16ac6fb0 73381770 13d6f2ac 72cd3b24
0x13d6f24c:   16ac6fb0 73381770 13d6f5a0 13d6f2bc
0x13d6f25c:   54652985 01686400 00000000 00000004
0x13d6f26c:   01686400 1461abb0 1461abb0 54850174 

Instructions: (pc=0x7338448d)
0x7338446d:   e5 5d c2 04 00 cc cc cc cc cc cc cc cc cc cc cc
0x7338447d:   cc cc cc 55 8b ec 51 89 4d fc 8b 45 fc 8b 4d 08
0x7338448d:   3b 08 7d 1b 8b 55 08 8b 45 fc 8b 8c 90 94 00 00
0x7338449d:   00 0f b6 51 56 85 d2 74 06 b0 01 eb 04 eb 02 32 


Register to memory mapping:

EAX=0x00000000 is an unknown value
EBX={method} {0x1461abb4} 'stopSession' '()V' in 'org/openimaj/video/capture/OpenIMAJGrabber'
ECX=0x00000000 is an unknown value
EDX=0x00000000 is an unknown value
ESP=0x13d6f1fc is pointing into the stack for thread: 0x01686400
EBP=0x13d6f200 is pointing into the stack for thread: 0x01686400
ESI=0x16ac5a60 is an unknown value
EDI=0x13d6f214 is pointing into the stack for thread: 0x01686400


Stack: [0x13d20000,0x13d70000],  sp=0x13d6f1fc,  free space=316k
Native frames: (J=compiled Java code, j=interpreted, Vv=VM code, C=native code)
C  [OpenIMAJGrabber.dll+0x448d]
C  [OpenIMAJGrabber.dll+0x179d]
C  [bridj.dll+0x17441]
C  [bridj.dll+0x17ae5]
C  [bridj.dll+0x3b24]
C  [bridj.dll+0x2878]
C  [bridj.dll+0x1942]
C  [bridj.dll+0x19d5]
C  [bridj.dll+0xb903]
j  org.openimaj.video.capture.OpenIMAJGrabber.stopSession()V+0
j  org.openimaj.video.capture.VideoCapture.stopCapture()V+16
j  org.openimaj.video.capture.VideoCapture.close()V+1
j  org.openimaj.video.capture.VideoCapture.finalize()V+1
j  java.lang.System$2.invokeFinalize(Ljava/lang/Object;)V+1
j  java.lang.ref.Finalizer.runFinalizer(Lsun/misc/JavaLangAccess;)V+46
j  java.lang.ref.Finalizer.access$100(Ljava/lang/ref/Finalizer;Lsun/misc/JavaLangAccess;)V+2
j  java.lang.ref.Finalizer$FinalizerThread.run()V+45
v  ~StubRoutines::call_stub
V  [jvm.dll+0x158f95]
V  [jvm.dll+0x21e54e]
V  [jvm.dll+0x15902e]
V  [jvm.dll+0x1591b6]
V  [jvm.dll+0x159227]
V  [jvm.dll+0xfd9ef]
V  [jvm.dll+0x17c34c]
V  [jvm.dll+0x17c43a]
V  [jvm.dll+0x1c0a76]
C  [msvcr100.dll+0x5c556]
C  [msvcr100.dll+0x5c600]
C  [kernel32.dll+0x51174]
C  [ntdll.dll+0x5b3f5]
C  [ntdll.dll+0x5b3c8]
C  0x00000000

Java frames: (J=compiled Java code, j=interpreted, Vv=VM code)
j  org.openimaj.video.capture.OpenIMAJGrabber.stopSession()V+0
j  org.openimaj.video.capture.VideoCapture.stopCapture()V+16
j  org.openimaj.video.capture.VideoCapture.close()V+1
j  org.openimaj.video.capture.VideoCapture.finalize()V+1
j  java.lang.System$2.invokeFinalize(Ljava/lang/Object;)V+1
j  java.lang.ref.Finalizer.runFinalizer(Lsun/misc/JavaLangAccess;)V+46
j  java.lang.ref.Finalizer.access$100(Ljava/lang/ref/Finalizer;Lsun/misc/JavaLangAccess;)V+2
j  java.lang.ref.Finalizer$FinalizerThread.run()V+45
v  ~StubRoutines::call_stub

---------------  P R O C E S S  ---------------

Java Threads: ( => current thread )
  0x015df400 JavaThread "DestroyJavaVM" [_thread_blocked, id=4520, stack(0x018b0000,0x01900000)]
  0x162d0400 JavaThread "AWT-EventQueue-0" [_thread_blocked, id=1940, stack(0x189e0000,0x18a30000)]
  0x159bd400 JavaThread "AWT-Windows" daemon [_thread_in_native, id=9048, stack(0x18950000,0x189a0000)]
  0x15995800 JavaThread "AWT-Shutdown" [_thread_blocked, id=7256, stack(0x16a20000,0x16a70000)]
  0x15993000 JavaThread "Java2D Disposer" daemon [_thread_blocked, id=4020, stack(0x18810000,0x18860000)]
  0x016b2c00 JavaThread "Service Thread" daemon [_thread_blocked, id=6852, stack(0x150a0000,0x150f0000)]
  0x01693800 JavaThread "C1 CompilerThread0" daemon [_thread_blocked, id=6400, stack(0x14f80000,0x14fd0000)]
  0x01692000 JavaThread "Attach Listener" daemon [_thread_blocked, id=4480, stack(0x15000000,0x15050000)]
  0x0168ec00 JavaThread "Signal Dispatcher" daemon [_thread_blocked, id=6736, stack(0x14810000,0x14860000)]
=>0x01686400 JavaThread "Finalizer" daemon [_thread_in_native, id=7912, stack(0x13d20000,0x13d70000)]
  0x01629400 JavaThread "Reference Handler" daemon [_thread_blocked, id=8740, stack(0x14880000,0x148d0000)]

Other Threads:
  0x01625000 VMThread [stack: 0x13c90000,0x13ce0000] [id=7292]
  0x016c9400 WatcherThread [stack: 0x151e0000,0x15230000] [id=7872]

VM state:not at safepoint (normal execution)

VM Mutex/Monitor currently owned by a thread: None

Heap:
 def new generation   total 6656K, used 1053K [0x03c00000, 0x04330000, 0x09150000)
  eden space 5952K,  17% used [0x03c00000, 0x03d07468, 0x041d0000)
  from space 704K,   0% used [0x041d0000, 0x041d0000, 0x04280000)
  to   space 704K,   0% used [0x04280000, 0x04280000, 0x04330000)
 tenured generation   total 14672K, used 8801K [0x09150000, 0x09fa4000, 0x13c00000)
   the space 14672K,  59% used [0x09150000, 0x099e84d8, 0x099e8600, 0x09fa4000)
 Metaspace       used 1989K, capacity 3739K, committed 3776K, reserved 4480K

Card table byte_map: [0x017e0000,0x01870000] byte_map_base: 0x017c2000

Polling page: 0x00250000

CodeCache: size=32768Kb used=1270Kb max_used=1270Kb free=31497Kb
 bounds [0x01bd0000, 0x01d10000, 0x03bd0000]
 total_blobs=631 nmethods=393 adapters=169
 compilation: enabled

Compilation events (10 events):
Event: 149.398 Thread 0x01693800  393   !         sun.awt.AWTAutoShutdown::setToolkitBusy (124 bytes)
Event: 149.400 Thread 0x01693800 nmethod 393 0x01d0c888 code [0x01d0c9d0, 0x01d0ce3c]
Event: 301.288 Thread 0x01693800  394             sun.awt.AWTAutoShutdown::notifyToolkitThreadBusy (8 bytes)
Event: 301.289 Thread 0x01693800 nmethod 394 0x01d0d1c8 code [0x01d0d2c0, 0x01d0d34c]
Event: 301.490 Thread 0x01693800  395             sun.awt.AWTAutoShutdown::notifyToolkitThreadFree (8 bytes)
Event: 301.491 Thread 0x01693800 nmethod 395 0x01d0d3c8 code [0x01d0d4c0, 0x01d0d54c]
Event: 462.043 Thread 0x01693800  397             java.lang.ref.Reference::<init> (7 bytes)
Event: 462.044 Thread 0x01693800 nmethod 397 0x01d0d848 code [0x01d0d940, 0x01d0d9e0]
Event: 463.649 Thread 0x01693800  398             sun.misc.VM::addFinalRefCount (24 bytes)
Event: 463.649 Thread 0x01693800 nmethod 398 0x01d0da48 code [0x01d0db40, 0x01d0dbe0]

GC Heap History (10 events):
Event: 6.991 GC heap before
{Heap before GC invocations=6 (full 0):
 def new generation   total 4928K, used 4928K [0x03c00000, 0x04150000, 0x09150000)
  eden space 4416K, 100% used [0x03c00000, 0x04050000, 0x04050000)
  from space 512K, 100% used [0x04050000, 0x040d0000, 0x040d0000)
  to   space 512K,   0% used [0x040d0000, 0x040d0000, 0x04150000)
 tenured generation   total 10944K, used 3104K [0x09150000, 0x09c00000, 0x13c00000)
   the space 10944K,  28% used [0x09150000, 0x094582f0, 0x09458400, 0x09c00000)
 Metaspace       used 1689K, capacity 3553K, committed 3648K, reserved 4480K
Event: 7.001 GC heap after
Heap after GC invocations=7 (full 0):
 def new generation   total 4928K, used 512K [0x03c00000, 0x04150000, 0x09150000)
  eden space 4416K,   0% used [0x03c00000, 0x03c00000, 0x04050000)
  from space 512K, 100% used [0x040d0000, 0x04150000, 0x04150000)
  to   space 512K,   0% used [0x04050000, 0x04050000, 0x040d0000)
 tenured generation   total 10944K, used 5919K [0x09150000, 0x09c00000, 0x13c00000)
   the space 10944K,  54% used [0x09150000, 0x09717c38, 0x09717e00, 0x09c00000)
 Metaspace       used 1689K, capacity 3553K, committed 3648K, reserved 4480K
}
Event: 7.612 GC heap before
{Heap before GC invocations=7 (full 0):
 def new generation   total 4928K, used 4928K [0x03c00000, 0x04150000, 0x09150000)
  eden space 4416K, 100% used [0x03c00000, 0x04050000, 0x04050000)
  from space 512K, 100% used [0x040d0000, 0x04150000, 0x04150000)
  to   space 512K,   0% used [0x04050000, 0x04050000, 0x040d0000)
 tenured generation   total 10944K, used 5919K [0x09150000, 0x09c00000, 0x13c00000)
   the space 10944K,  54% used [0x09150000, 0x09717c38, 0x09717e00, 0x09c00000)
 Metaspace       used 1810K, capacity 3592K, committed 3648K, reserved 4480K
Event: 7.626 GC heap after
Heap after GC invocations=8 (full 0):
 def new generation   total 4928K, used 373K [0x03c00000, 0x04150000, 0x09150000)
  eden space 4416K,   0% used [0x03c00000, 0x03c00000, 0x04050000)
  from space 512K,  72% used [0x04050000, 0x040ad678, 0x040d0000)
  to   space 512K,   0% used [0x040d0000, 0x040d0000, 0x04150000)
 tenured generation   total 10944K, used 9426K [0x09150000, 0x09c00000, 0x13c00000)
   the space 10944K,  86% used [0x09150000, 0x09a849c8, 0x09a84a00, 0x09c00000)
 Metaspace       used 1810K, capacity 3592K, committed 3648K, reserved 4480K
}
Event: 7.960 GC heap before
{Heap before GC invocations=8 (full 0):
 def new generation   total 4928K, used 4789K [0x03c00000, 0x04150000, 0x09150000)
  eden space 4416K, 100% used [0x03c00000, 0x04050000, 0x04050000)
  from space 512K,  72% used [0x04050000, 0x040ad678, 0x040d0000)
  to   space 512K,   0% used [0x040d0000, 0x040d0000, 0x04150000)
 tenured generation   total 10944K, used 9426K [0x09150000, 0x09c00000, 0x13c00000)
   the space 10944K,  86% used [0x09150000, 0x09a849c8, 0x09a84a00, 0x09c00000)
 Metaspace       used 1971K, capacity 3720K, committed 3776K, reserved 4480K
Event: 7.964 GC heap after
Heap after GC invocations=9 (full 0):
 def new generation   total 4928K, used 402K [0x03c00000, 0x04150000, 0x09150000)
  eden space 4416K,   0% used [0x03c00000, 0x03c00000, 0x04050000)
  from space 512K,  78% used [0x040d0000, 0x04134990, 0x04150000)
  to   space 512K,   0% used [0x04050000, 0x04050000, 0x040d0000)
 tenured generation   total 10944K, used 9723K [0x09150000, 0x09c00000, 0x13c00000)
   the space 10944K,  88% used [0x09150000, 0x09aceeb0, 0x09acf000, 0x09c00000)
 Metaspace       used 1971K, capacity 3720K, committed 3776K, reserved 4480K
}
Event: 8.027 GC heap before
{Heap before GC invocations=9 (full 0):
 def new generation   total 4928K, used 4818K [0x03c00000, 0x04150000, 0x09150000)
  eden space 4416K, 100% used [0x03c00000, 0x04050000, 0x04050000)
  from space 512K,  78% used [0x040d0000, 0x04134990, 0x04150000)
  to   space 512K,   0% used [0x04050000, 0x04050000, 0x040d0000)
 tenured generation   total 10944K, used 9723K [0x09150000, 0x09c00000, 0x13c00000)
   the space 10944K,  88% used [0x09150000, 0x09aceeb0, 0x09acf000, 0x09c00000)
 Metaspace       used 1971K, capacity 3720K, committed 3776K, reserved 4480K
Event: 8.031 GC heap after
Heap after GC invocations=10 (full 0):
 def new generation   total 4928K, used 512K [0x03c00000, 0x04150000, 0x09150000)
  eden space 4416K,   0% used [0x03c00000, 0x03c00000, 0x04050000)
  from space 512K, 100% used [0x04050000, 0x040d0000, 0x040d0000)
  to   space 512K,   0% used [0x040d0000, 0x040d0000, 0x04150000)
 tenured generation   total 10944K, used 9971K [0x09150000, 0x09c00000, 0x13c00000)
   the space 10944K,  91% used [0x09150000, 0x09b0cc10, 0x09b0ce00, 0x09c00000)
 Metaspace       used 1971K, capacity 3720K, committed 3776K, reserved 4480K
}
Event: 463.610 GC heap before
{Heap before GC invocations=10 (full 0):
 def new generation   total 4928K, used 4819K [0x03c00000, 0x04150000, 0x09150000)
  eden space 4416K,  97% used [0x03c00000, 0x04034fd8, 0x04050000)
  from space 512K, 100% used [0x04050000, 0x040d0000, 0x040d0000)
  to   space 512K,   0% used [0x040d0000, 0x040d0000, 0x04150000)
 tenured generation   total 10944K, used 9971K [0x09150000, 0x09c00000, 0x13c00000)
   the space 10944K,  91% used [0x09150000, 0x09b0cc10, 0x09b0ce00, 0x09c00000)
 Metaspace       used 1993K, capacity 3752K, committed 3776K, reserved 4480K
Event: 463.647 GC heap after
Heap after GC invocations=11 (full 1):
 def new generation   total 6656K, used 0K [0x03c00000, 0x04330000, 0x09150000)
  eden space 5952K,   0% used [0x03c00000, 0x03c00000, 0x041d0000)
  from space 704K,   0% used [0x041d0000, 0x041d0000, 0x04280000)
  to   space 704K,   0% used [0x04280000, 0x04280000, 0x04330000)
 tenured generation   total 14672K, used 8801K [0x09150000, 0x09fa4000, 0x13c00000)
   the space 14672K,  59% used [0x09150000, 0x099e84d8, 0x099e8600, 0x09fa4000)
 Metaspace       used 1989K, capacity 3739K, committed 3776K, reserved 4480K
}

Deoptimization events (0 events):
No events

Internal exceptions (10 events):
Event: 3.725 Thread 0x015df400 Exception <a 'java/lang/NoSuchMethodError': getNumDevices> (0x03d2cc08) thrown at [C:\re\workspace\8-2-build-windows-i586-cygwin\jdk8u74\6087\hotspot\src\share\vm\prims\jni.cpp, line 1591]
Event: 3.728 Thread 0x015df400 Exception <a 'java/lang/ArrayIndexOutOfBoundsException'> (0x03d31478) thrown at [C:\re\workspace\8-2-build-windows-i586-cygwin\jdk8u74\6087\hotspot\src\share\vm\runtime\sharedRuntime.cpp, line 605]
Event: 3.729 Thread 0x015df400 Exception <a 'java/lang/ArrayIndexOutOfBoundsException'> (0x03d33fe0) thrown at [C:\re\workspace\8-2-build-windows-i586-cygwin\jdk8u74\6087\hotspot\src\share\vm\runtime\sharedRuntime.cpp, line 605]
Event: 3.730 Thread 0x015df400 Exception <a 'java/lang/NoSuchMethodError': getName> (0x03d36198) thrown at [C:\re\workspace\8-2-build-windows-i586-cygwin\jdk8u74\6087\hotspot\src\share\vm\prims\jni.cpp, line 1591]
Event: 3.730 Thread 0x015df400 Exception <a 'java/lang/NoSuchMethodError': getIdentifier> (0x03d363e0) thrown at [C:\re\workspace\8-2-build-windows-i586-cygwin\jdk8u74\6087\hotspot\src\share\vm\prims\jni.cpp, line 1591]
Event: 6.239 Thread 0x015df400 Exception <a 'java/io/FileNotFoundException'> (0x03e986d0) thrown at [C:\re\workspace\8-2-build-windows-i586-cygwin\jdk8u74\6087\hotspot\src\share\vm\prims\jni.cpp, line 709]
Event: 6.420 Thread 0x015df400 Exception <a 'java/lang/NoSuchFieldError': method resolution failed> (0x03f51340) thrown at [C:\re\workspace\8-2-build-windows-i586-cygwin\jdk8u74\6087\hotspot\src\share\vm\prims\methodHandles.cpp, line 1146]
Event: 6.423 Thread 0x015df400 Exception <a 'java/lang/NoSuchFieldError': method resolution failed> (0x03f5d470) thrown at [C:\re\workspace\8-2-build-windows-i586-cygwin\jdk8u74\6087\hotspot\src\share\vm\prims\methodHandles.cpp, line 1146]
Event: 6.595 Thread 0x015df400 Exception <a 'java/io/FileNotFoundException'> (0x03fe3848) thrown at [C:\re\workspace\8-2-build-windows-i586-cygwin\jdk8u74\6087\hotspot\src\share\vm\prims\jni.cpp, line 709]
Event: 7.757 Thread 0x162d2800 Exception <a 'java/lang/NullPointerException'> (0x03e5f938) thrown at [C:\re\workspace\8-2-build-windows-i586-cygwin\jdk8u74\6087\hotspot\src\share\vm\interpreter\linkResolver.cpp, line 1280]

Events (10 events):
Event: 8.086 Thread 0x015df400 Thread exited: 0x015df400
Event: 8.086 Thread 0x015df400 Thread added: 0x015df400
Event: 462.167 Executing VM operation: RevokeBias
Event: 462.167 Executing VM operation: RevokeBias done
Event: 462.167 Executing VM operation: RevokeBias
Event: 462.168 Executing VM operation: RevokeBias done
Event: 462.168 Executing VM operation: RevokeBias
Event: 462.168 Executing VM operation: RevokeBias done
Event: 463.610 Executing VM operation: GenCollectForAllocation
Event: 463.648 Executing VM operation: GenCollectForAllocation done


Dynamic libraries:
0x002e0000 - 0x00313000 	C:\Program Files\Java\jre1.8.0_74\bin\javaw.exe
0x775c0000 - 0x776fc000 	C:\Windows\SYSTEM32\ntdll.dll
0x760a0000 - 0x76174000 	C:\Windows\system32\kernel32.dll
0x759c0000 - 0x75a0a000 	C:\Windows\system32\KERNELBASE.dll
0x76000000 - 0x760a0000 	C:\Windows\system32\ADVAPI32.dll
0x77260000 - 0x7730c000 	C:\Windows\system32\msvcrt.dll
0x76180000 - 0x76199000 	C:\Windows\SYSTEM32\sechost.dll
0x75a50000 - 0x75af1000 	C:\Windows\system32\RPCRT4.dll
0x75b00000 - 0x75bc9000 	C:\Windows\system32\USER32.dll
0x77730000 - 0x7777e000 	C:\Windows\system32\GDI32.dll
0x77720000 - 0x7772a000 	C:\Windows\system32\LPK.dll
0x77520000 - 0x775bd000 	C:\Windows\system32\USP10.dll
0x74460000 - 0x745fe000 	C:\Windows\WinSxS\x86_microsoft.windows.common-controls_6595b64144ccf1df_6.0.7600.16385_none_421189da2b7fabfc\COMCTL32.dll
0x77790000 - 0x777e7000 	C:\Windows\system32\SHLWAPI.dll
0x75fe0000 - 0x75fff000 	C:\Windows\system32\IMM32.DLL
0x77310000 - 0x773dc000 	C:\Windows\system32\MSCTF.dll
0x50110000 - 0x501cf000 	C:\Program Files\Java\jre1.8.0_74\bin\msvcr100.dll
0x54570000 - 0x54938000 	C:\Program Files\Java\jre1.8.0_74\bin\client\jvm.dll
0x555f0000 - 0x555f7000 	C:\Windows\system32\WSOCK32.dll
0x75a10000 - 0x75a45000 	C:\Windows\system32\WS2_32.dll
0x77710000 - 0x77716000 	C:\Windows\system32\NSI.dll
0x70eb0000 - 0x70ee2000 	C:\Windows\system32\WINMM.dll
0x74c70000 - 0x74c79000 	C:\Windows\system32\VERSION.dll
0x77780000 - 0x77785000 	C:\Windows\system32\PSAPI.DLL
0x74450000 - 0x7445c000 	C:\Program Files\Java\jre1.8.0_74\bin\verify.dll
0x6d5d0000 - 0x6d5f1000 	C:\Program Files\Java\jre1.8.0_74\bin\java.dll
0x6dca0000 - 0x6dcb3000 	C:\Program Files\Java\jre1.8.0_74\bin\zip.dll
0x76350000 - 0x76f99000 	C:\Windows\system32\SHELL32.dll
0x75bd0000 - 0x75d2c000 	C:\Windows\system32\ole32.dll
0x75710000 - 0x7571b000 	C:\Windows\system32\profapi.dll
0x75190000 - 0x751a6000 	C:\Windows\system32\CRYPTSP.dll
0x74f20000 - 0x74f5b000 	C:\Windows\system32\rsaenh.dll
0x74d70000 - 0x74d87000 	C:\Windows\system32\USERENV.dll
0x75690000 - 0x7569c000 	C:\Windows\system32\CRYPTBASE.dll
0x72a30000 - 0x72a46000 	C:\Program Files\Java\jre1.8.0_74\bin\net.dll
0x13d70000 - 0x13dc8000 	C:\Windows\system32\LavasoftTcpService.dll
0x75150000 - 0x7518c000 	C:\Windows\system32\MSWSOCK.dll
0x74c90000 - 0x74cac000 	C:\Windows\system32\IPHLPAPI.DLL
0x74c80000 - 0x74c87000 	C:\Windows\system32\WINNSI.DLL
0x77030000 - 0x770bf000 	C:\Windows\system32\OLEAUT32.dll
0x755f0000 - 0x7560a000 	C:\Windows\system32\SspiCli.dll
0x75140000 - 0x75146000 	C:\Windows\System32\wship6.dll
0x72980000 - 0x72992000 	C:\Windows\system32\dhcpcsvc.DLL
0x72720000 - 0x7272d000 	C:\Windows\system32\dhcpcsvc6.DLL
0x742e0000 - 0x74320000 	C:\Windows\system32\uxtheme.dll
0x76fa0000 - 0x77023000 	C:\Windows\system32\CLBCatQ.DLL
0x75700000 - 0x7570e000 	C:\Windows\system32\RpcRtRemote.dll
0x733e0000 - 0x733ef000 	C:\Program Files\Java\jre1.8.0_74\bin\nio.dll
0x756a0000 - 0x756ff000 	C:\Windows\system32\SXS.DLL
0x72cd0000 - 0x72cf8000 	C:\Users\asus\AppData\Local\Temp\BridJExtractedLibraries7575867468097200479\bridj.dll
0x73380000 - 0x73390000 	C:\Users\asus\AppData\Local\Temp\BridJExtractedLibraries7575867468097200479\OpenIMAJGrabber.dll
0x6fb30000 - 0x6fb99000 	C:\Windows\system32\MSVCP100.dll
0x6de20000 - 0x6de34000 	C:\Windows\system32\devenum.dll
0x770c0000 - 0x7725d000 	C:\Windows\system32\setupapi.dll
0x758b0000 - 0x758d7000 	C:\Windows\system32\CFGMGR32.dll
0x759a0000 - 0x759b2000 	C:\Windows\system32\DEVOBJ.dll
0x73bd0000 - 0x73bf1000 	C:\Windows\system32\ntmarta.dll
0x75f30000 - 0x75f75000 	C:\Windows\system32\WLDAP32.dll
0x75970000 - 0x7599d000 	C:\Windows\system32\WINTRUST.dll
0x75790000 - 0x758ac000 	C:\Windows\system32\CRYPT32.dll
0x75780000 - 0x7578c000 	C:\Windows\system32\MSASN1.dll
0x739e0000 - 0x739eb000 	C:\Windows\system32\msdmo.dll
0x52e50000 - 0x52e82000 	C:\Windows\system32\qcap.dll
0x54540000 - 0x54561000 	C:\Windows\system32\MSVFW32.dll
0x77b40000 - 0x77cb7000 	C:\Windows\system32\quartz.dll
0x73fb0000 - 0x73fc3000 	C:\Windows\system32\dwmapi.dll
0x6dde0000 - 0x6de13000 	C:\Windows\system32\ksproxy.ax
0x6d6c0000 - 0x6d6c4000 	C:\Windows\system32\ksuser.dll
0x5cea0000 - 0x5d063000 	C:\Windows\system32\d3d9.dll
0x66a10000 - 0x66a16000 	C:\Windows\system32\d3d8thk.dll
0x6ddd0000 - 0x6ddd9000 	C:\Windows\system32\vidcap.ax
0x6ddb0000 - 0x6ddcd000 	C:\Windows\system32\kswdmcap.ax
0x54cb0000 - 0x54dcc000 	C:\Windows\system32\MFC42.dll
0x6dd20000 - 0x6ddaa000 	C:\Windows\system32\ODBC32.dll
0x6dce0000 - 0x6dd18000 	C:\Windows\system32\odbcint.dll
0x50a90000 - 0x50b10000 	C:\Windows\System32\qedit.dll
0x761a0000 - 0x7621b000 	C:\Windows\system32\COMDLG32.dll
0x74150000 - 0x742e0000 	C:\Windows\WinSxS\x86_microsoft.windows.gdiplus_6595b64144ccf1df_1.1.7600.16385_none_72fc7cbf861225ca\gdiplus.dll
0x62840000 - 0x62927000 	C:\Windows\system32\DDRAW.dll
0x65510000 - 0x65516000 	C:\Windows\system32\DCIMAN32.dll
0x77f30000 - 0x77ffc000 	C:\Windows\system32\D3DIM700.DLL
0x779f0000 - 0x77b35000 	C:\Program Files\Java\jre1.8.0_74\bin\awt.dll
0x6d590000 - 0x6d5c9000 	C:\Program Files\Java\jre1.8.0_74\bin\fontmanager.dll
0x72280000 - 0x7236b000 	C:\Windows\system32\dbghelp.dll

VM Arguments:
jvm_args: -Dfile.encoding=Cp1252 
java_command: com.reconn.TestDetectionVisage
java_class_path (initial): C:\Users\asus\Desktop\tuto\Reconn\target\classes;C:\Users\asus\.m2\repository\org\openimaj\faces\1.3.1\faces-1.3.1.jar;C:\Users\asus\.m2\repository\org\openimaj\image-processing\1.3.1\image-processing-1.3.1.jar;C:\Users\asus\.m2\repository\org\openimaj\core\1.3.1\core-1.3.1.jar;C:\Users\asus\.m2\repository\org\openimaj\core-citation\1.3.1\core-citation-1.3.1.jar;C:\Users\asus\.m2\repository\org\openimaj\core-aop-support\1.3.1\core-aop-support-1.3.1.jar;C:\Users\asus\.m2\repository\javassist\javassist\3.12.1.GA\javassist-3.12.1.GA.jar;C:\Users\asus\.m2\repository\org\jbibtex\jbibtex\1.0.2\jbibtex-1.0.2.jar;C:\Users\asus\.m2\repository\org\jsoup\jsoup\1.6.3\jsoup-1.6.3.jar;C:\Users\asus\.m2\repository\net\sf\trove4j\trove4j\3.0.2\trove4j-3.0.2.jar;C:\Users\asus\.m2\repository\com\google\guava\guava\14.0.1\guava-14.0.1.jar;C:\Users\asus\.m2\repository\colt\colt\1.2.0\colt-1.2.0.jar;C:\Users\asus\.m2\repository\concurrent\concurrent\1.3.4\concurrent-1.3.4.jar;C:\Users\asus\.m2\repository\log4j\log4j\1.2.14\log4j-1.2.14.jar;C:\Users\asus\.m2\repository\commons-lang\commons-lang\2.6\commons-lang-2.6.jar;C:\Users\asus\.m2\repository\commons-io\commons-io\2.2\commons-io-2.2.jar;C:\Users\asus\.m2\repository\org\apache\commons\commons-vfs2\2.0\commons-vfs2-2.0.jar;C:\Users\asus\.m2\repository\commons-logging\commons-logging\1.1.1\commons-logging-1.1.1.jar;C:\Users\asus\.m2\repository\org\apache\maven\scm\maven-scm-api\1.4\maven-scm-api-1.4.jar;C:\Users\asus\.m2\repository\org\codehaus\plexus\plexus-utils\1.5.6\plexus-utils-1.5.6.jar;C:\Users\asus\.m2\repository\org\apache\maven\scm\maven-scm-provider-svnexe\1.4\maven-scm-provider-svnexe-1.4.jar;C:\Users\asus\.m2\repository\org\apache\maven\scm\maven-scm-provider-svn-commons\1.4\maven-scm-provider-svn-commons-1.4.jar;C:\Users\asus\.m2\repository\regexp\regexp\1.3\regexp-1.3.jar;C:\Users\asus\.m2\repository\commons-httpclient\commons-httpclient\3.1\commons-httpclient-3.1.jar;C:\Users\asus\.m2\reposi
Launcher Type: SUN_STANDARD

Environment Variables:
JAVA_HOME=C:\Users\asus\Downloads\jdk-8474-windows-i586;
PATH=C:/Program Files/Java/jre1.8.0_74/bin/client;C:/Program Files/Java/jre1.8.0_74/bin;C:/Program Files/Java/jre1.8.0_74/lib/i386;C:\ProgramData\Oracle\Java\javapath;C:\Users\asus\Downloads\jdk-8474-windows-i586;\bin;C:\maven\bin;C:\Users\asus\Desktop\eclipse;
USERNAME=asus
OS=Windows_NT
PROCESSOR_IDENTIFIER=x86 Family 6 Model 58 Stepping 9, GenuineIntel



---------------  S Y S T E M  ---------------

OS: Windows 7 Build 7600 (6.1.7600.16385)

CPU:total 4 (2 cores per cpu, 2 threads per core) family 6 model 58 stepping 9, cmov, cx8, fxsr, mmx, sse, sse2, sse3, ssse3, sse4.1, sse4.2, popcnt, clmul, erms, ht, tsc, tscinvbit, tscinv

Memory: 4k page, physical 3304996k(1086928k free), swap 6608228k(1270632k free)

vm_info: Java HotSpot(TM) Client VM (25.74-b02) for windows-x86 JRE (1.8.0_74-b02), built on Jan 29 2016 17:47:57 by "java_re" with MS VC++ 10.0 (VS2010)

time: Fri Mar 18 15:06:07 2016
elapsed time: 463 seconds (0d 0h 7m 43s)

